This file contains any messages produced by compilers while
running configure, to aid debugging if configure makes a mistake.

It was created by configure, which was
generated by GNU Autoconf 2.69.  Invocation command line was

  $ ./configure --with-php-config=/app/php5/bin/php-config --with-mdbm=/usr/local/mdbm/

## --------- ##
## Platform. ##
## --------- ##

hostname = dev.junehome
uname -m = x86_64
uname -r = 3.10.0-693.11.1.el7.x86_64
uname -s = Linux
uname -v = #1 SMP Mon Dec 4 23:52:40 UTC 2017

/usr/bin/uname -p = x86_64
/bin/uname -X     = unknown

/bin/arch              = x86_64
/usr/bin/arch -k       = unknown
/usr/convex/getsysinfo = unknown
/usr/bin/hostinfo      = unknown
/bin/machine           = unknown
/usr/bin/oslevel       = unknown
/bin/universe          = unknown

PATH: /app/php5/bin/
PATH: /app/go//bin/
PATH: /root/GOPATH//bin/
PATH: /usr/local/git/bin/
PATH: /usr/local/vim/bin/
PATH: /usr/local/mdbm/bin/
PATH: /bin/
PATH: /usr/bin/
PATH: /sbin/
PATH: /usr/sbin/


## ----------- ##
## Core tests. ##
## ----------- ##

configure:2295: checking for grep that handles long lines and -e
configure:2353: result: /bin//grep
configure:2358: checking for egrep
configure:2420: result: /bin//grep -E
configure:2425: checking for a sed that does not truncate output
configure:2479: result: /bin//sed
configure:2611: checking for cc
configure:2627: found /bin//cc
configure:2638: result: cc
configure:2669: checking for C compiler version
configure:2678: cc --version >&5
cc (GCC) 4.8.5 20150623 (Red Hat 4.8.5-16)
Copyright (C) 2015 Free Software Foundation, Inc.
This is free software; see the source for copying conditions.  There is NO
warranty; not even for MERCHANTABILITY or FITNESS FOR A PARTICULAR PURPOSE.

configure:2689: $? = 0
configure:2678: cc -v >&5
Using built-in specs.
COLLECT_GCC=cc
COLLECT_LTO_WRAPPER=/usr/libexec/gcc/x86_64-redhat-linux/4.8.5/lto-wrapper
Target: x86_64-redhat-linux
Configured with: ../configure --prefix=/usr --mandir=/usr/share/man --infodir=/usr/share/info --with-bugurl=http://bugzilla.redhat.com/bugzilla --enable-bootstrap --enable-shared --enable-threads=posix --enable-checking=release --with-system-zlib --enable-__cxa_atexit --disable-libunwind-exceptions --enable-gnu-unique-object --enable-linker-build-id --with-linker-hash-style=gnu --enable-languages=c,c++,objc,obj-c++,java,fortran,ada,go,lto --enable-plugin --enable-initfini-array --disable-libgcj --with-isl=/builddir/build/BUILD/gcc-4.8.5-20150702/obj-x86_64-redhat-linux/isl-install --with-cloog=/builddir/build/BUILD/gcc-4.8.5-20150702/obj-x86_64-redhat-linux/cloog-install --enable-gnu-indirect-function --with-tune=generic --with-arch_32=x86-64 --build=x86_64-redhat-linux
Thread model: posix
gcc version 4.8.5 20150623 (Red Hat 4.8.5-16) (GCC) 
configure:2689: $? = 0
configure:2678: cc -V >&5
cc: error: unrecognized command line option '-V'
cc: fatal error: no input files
compilation terminated.
configure:2689: $? = 4
configure:2678: cc -qversion >&5
cc: error: unrecognized command line option '-qversion'
cc: fatal error: no input files
compilation terminated.
configure:2689: $? = 4
configure:2709: checking whether the C compiler works
configure:2731: cc    conftest.c  >&5
configure:2735: $? = 0
configure:2783: result: yes
configure:2786: checking for C compiler default output file name
configure:2788: result: a.out
configure:2794: checking for suffix of executables
configure:2801: cc -o conftest    conftest.c  >&5
configure:2805: $? = 0
configure:2827: result: 
configure:2849: checking whether we are cross compiling
configure:2857: cc -o conftest    conftest.c  >&5
configure:2861: $? = 0
configure:2868: ./conftest
configure:2872: $? = 0
configure:2887: result: no
configure:2892: checking for suffix of object files
configure:2914: cc -c   conftest.c >&5
configure:2918: $? = 0
configure:2939: result: o
configure:2943: checking whether we are using the GNU C compiler
configure:2962: cc -c   conftest.c >&5
configure:2962: $? = 0
configure:2971: result: yes
configure:2980: checking whether cc accepts -g
configure:3000: cc -c -g  conftest.c >&5
configure:3000: $? = 0
configure:3041: result: yes
configure:3058: checking for cc option to accept ISO C89
configure:3121: cc  -c -g -O2  conftest.c >&5
configure:3121: $? = 0
configure:3134: result: none needed
configure:3160: checking how to run the C preprocessor
configure:3191: cc -E  conftest.c
configure:3191: $? = 0
configure:3205: cc -E  conftest.c
conftest.c:9:28: fatal error: ac_nonexistent.h: No such file or directory
 #include <ac_nonexistent.h>
                            ^
compilation terminated.
configure:3205: $? = 1
configure: failed program was:
| /* confdefs.h */
| #define PACKAGE_NAME ""
| #define PACKAGE_TARNAME ""
| #define PACKAGE_VERSION ""
| #define PACKAGE_STRING ""
| #define PACKAGE_BUGREPORT ""
| #define PACKAGE_URL ""
| /* end confdefs.h.  */
| #include <ac_nonexistent.h>
configure:3230: result: cc -E
configure:3250: cc -E  conftest.c
configure:3250: $? = 0
configure:3264: cc -E  conftest.c
conftest.c:9:28: fatal error: ac_nonexistent.h: No such file or directory
 #include <ac_nonexistent.h>
                            ^
compilation terminated.
configure:3264: $? = 1
configure: failed program was:
| /* confdefs.h */
| #define PACKAGE_NAME ""
| #define PACKAGE_TARNAME ""
| #define PACKAGE_VERSION ""
| #define PACKAGE_STRING ""
| #define PACKAGE_BUGREPORT ""
| #define PACKAGE_URL ""
| /* end confdefs.h.  */
| #include <ac_nonexistent.h>
configure:3295: checking for icc
configure:3304: result: no
configure:3318: checking for suncc
configure:3327: result: no
configure:3345: checking whether cc understands -c and -o together
configure:3373: cc -c conftest.c -o conftest2.o >&5
configure:3377: $? = 0
configure:3383: cc -c conftest.c -o conftest2.o >&5
configure:3387: $? = 0
configure:3442: result: yes
configure:3456: checking for system library directory
configure:3471: result: lib
configure:3478: checking if compiler supports -R
configure:3497: cc -o conftest -g -O2   conftest.c -R /usr/lib  >&5
cc: error: unrecognized command line option '-R'
configure:3497: $? = 1
configure: failed program was:
| /* confdefs.h */
| #define PACKAGE_NAME ""
| #define PACKAGE_TARNAME ""
| #define PACKAGE_VERSION ""
| #define PACKAGE_STRING ""
| #define PACKAGE_BUGREPORT ""
| #define PACKAGE_URL ""
| /* end confdefs.h.  */
| 
| int
| main ()
| {
| 
|   ;
|   return 0;
| }
configure:3507: result: no
configure:3512: checking if compiler supports -Wl,-rpath,
configure:3531: cc -o conftest -g -O2   conftest.c -Wl,-rpath,/usr/lib  >&5
configure:3531: $? = 0
configure:3541: result: yes
configure:3586: checking build system type
configure:3600: result: x86_64-unknown-linux-gnu
configure:3620: checking host system type
configure:3633: result: x86_64-unknown-linux-gnu
configure:3653: checking target system type
configure:3666: result: x86_64-unknown-linux-gnu
configure:3769: checking for PHP prefix
configure:3771: result: /app/php5
configure:3773: checking for PHP includes
configure:3775: result: -I/app/php5/include/php -I/app/php5/include/php/main -I/app/php5/include/php/TSRM -I/app/php5/include/php/Zend -I/app/php5/include/php/ext -I/app/php5/include/php/ext/date/lib
configure:3777: checking for PHP extension directory
configure:3779: result: /app/php5/lib/php/extensions/debug-zts-20131226
configure:3781: checking for PHP installed headers prefix
configure:3783: result: /app/php5/include/php
configure:3786: checking if debug is enabled
configure:3812: result: yes
configure:3815: checking if zts is enabled
configure:3841: result: yes
configure:3912: checking for re2c
configure:3942: result: no
configure:3967: WARNING: You will need re2c 0.13.4 or later if you want to regenerate PHP parsers.
configure:3981: checking for gawk
configure:3998: found /bin//gawk
configure:4009: result: gawk
configure:4052: checking for mdbm support
configure:4092: result: yes, shared
configure:4255: checking for mdbm_open in -lmdbm
configure:4280: cc -o conftest -g  -O0  -Wl,-rpath,/usr/local/mdbm//lib64/ -L/usr/local/mdbm//lib64/  -lmdbm conftest.c -lmdbm   >&5
configure:4280: $? = 0
configure:4290: result: yes
configure:4804: checking for ld used by cc
configure:4871: result: /bin//ld
configure:4878: checking if the linker (/bin//ld) is GNU ld
configure:4893: result: yes
configure:4898: checking for /bin//ld option to reload object files
configure:4905: result: -r
configure:4923: checking for BSD-compatible nm
configure:4972: result: /bin//nm -B
configure:4976: checking whether ln -s works
configure:4980: result: yes
configure:4987: checking how to recognize dependent libraries
configure:5173: result: pass_all
configure:5258: cc -c -g  -O0  conftest.c >&5
configure:5261: $? = 0
configure:5391: checking for ANSI C header files
configure:5411: cc -c -g  -O0  conftest.c >&5
configure:5411: $? = 0
configure:5484: cc -o conftest -g  -O0   conftest.c  >&5
configure:5484: $? = 0
configure:5484: ./conftest
configure:5484: $? = 0
configure:5495: result: yes
configure:5508: checking for sys/types.h
configure:5508: cc -c -g  -O0  conftest.c >&5
configure:5508: $? = 0
configure:5508: result: yes
configure:5508: checking for sys/stat.h
configure:5508: cc -c -g  -O0  conftest.c >&5
configure:5508: $? = 0
configure:5508: result: yes
configure:5508: checking for stdlib.h
configure:5508: cc -c -g  -O0  conftest.c >&5
configure:5508: $? = 0
configure:5508: result: yes
configure:5508: checking for string.h
configure:5508: cc -c -g  -O0  conftest.c >&5
configure:5508: $? = 0
configure:5508: result: yes
configure:5508: checking for memory.h
configure:5508: cc -c -g  -O0  conftest.c >&5
configure:5508: $? = 0
configure:5508: result: yes
configure:5508: checking for strings.h
configure:5508: cc -c -g  -O0  conftest.c >&5
configure:5508: $? = 0
configure:5508: result: yes
configure:5508: checking for inttypes.h
configure:5508: cc -c -g  -O0  conftest.c >&5
configure:5508: $? = 0
configure:5508: result: yes
configure:5508: checking for stdint.h
configure:5508: cc -c -g  -O0  conftest.c >&5
configure:5508: $? = 0
configure:5508: result: yes
configure:5508: checking for unistd.h
configure:5508: cc -c -g  -O0  conftest.c >&5
configure:5508: $? = 0
configure:5508: result: yes
configure:5522: checking dlfcn.h usability
configure:5522: cc -c -g  -O0  conftest.c >&5
configure:5522: $? = 0
configure:5522: result: yes
configure:5522: checking dlfcn.h presence
configure:5522: cc -E  conftest.c
configure:5522: $? = 0
configure:5522: result: yes
configure:5522: checking for dlfcn.h
configure:5522: result: yes
configure:5544: checking the maximum length of command line arguments
configure:5656: result: 1572864
configure:5668: checking command to parse /bin//nm -B output from cc object
configure:5773: cc -c -g  -O0  conftest.c >&5
configure:5776: $? = 0
configure:5780: /bin//nm -B conftest.o \| sed -n -e 's/^.*[ 	]\([ABCDGIRSTW][ABCDGIRSTW]*\)[ 	][ 	]*\([_A-Za-z][_A-Za-z0-9]*\)$/\1 \2 \2/p' \> conftest.nm
configure:5783: $? = 0
configure:5835: cc -o conftest -g  -O0   conftest.c conftstm.o >&5
configure:5838: $? = 0
configure:5876: result: ok
configure:5880: checking for objdir
configure:5895: result: .libs
configure:5987: checking for ar
configure:6003: found /bin//ar
configure:6014: result: ar
configure:6079: checking for ranlib
configure:6095: found /bin//ranlib
configure:6106: result: ranlib
configure:6171: checking for strip
configure:6187: found /bin//strip
configure:6198: result: strip
configure:6767: checking if cc supports -fno-rtti -fno-exceptions
configure:6785: cc -c -g  -O0  -fno-rtti -fno-exceptions conftest.c >&5
cc1: warning: command line option '-fno-rtti' is valid for C++/ObjC++ but not for C [enabled by default]
configure:6789: $? = 0
configure:6802: result: no
configure:6817: checking for cc option to produce PIC
configure:7057: result: -fPIC
configure:7065: checking if cc PIC flag -fPIC works
configure:7083: cc -c -g  -O0  -fPIC -DPIC conftest.c >&5
configure:7087: $? = 0
configure:7100: result: yes
configure:7128: checking if cc static flag -static works
configure:7156: result: no
configure:7166: checking if cc supports -c -o file.o
configure:7187: cc -c -g  -O0  -o out/conftest2.o conftest.c >&5
configure:7191: $? = 0
configure:7213: result: yes
configure:7239: checking whether the cc linker (/bin//ld -m elf_x86_64) supports shared libraries
configure:8167: result: yes
configure:8188: checking whether -lc should be explicitly linked in
configure:8193: cc -c -g  -O0  conftest.c >&5
configure:8196: $? = 0
configure:8211: cc -shared conftest.o  -v -Wl,-soname -Wl,conftest -o conftest 2\>\&1 \| grep  -lc  \>/dev/null 2\>\&1
configure:8214: $? = 0
configure:8226: result: no
configure:8234: checking dynamic linker characteristics
configure:8832: result: GNU/Linux ld.so
configure:8856: checking how to hardcode library paths into programs
configure:8881: result: immediate
configure:8895: checking whether stripping libraries is possible
configure:8900: result: yes
configure:9417: checking if libtool supports shared libraries
configure:9419: result: yes
configure:9422: checking whether to build shared libraries
configure:9443: result: yes
configure:9446: checking whether to build static libraries
configure:9450: result: no
configure:9545: result:
creating libtool
configure:13244: creating ./config.status

## ---------------------- ##
## Running config.status. ##
## ---------------------- ##

This file was extended by config.status, which was
generated by GNU Autoconf 2.69.  Invocation command line was

  CONFIG_FILES    = 
  CONFIG_HEADERS  = 
  CONFIG_LINKS    = 
  CONFIG_COMMANDS = 
  $ ./config.status 

on dev.junehome

config.status:677: creating config.h
config.status:767: config.h is unchanged

## ---------------- ##
## Cache variables. ##
## ---------------- ##

ac_cv_build=x86_64-unknown-linux-gnu
ac_cv_c_compiler_gnu=yes
ac_cv_env_CC_set=
ac_cv_env_CC_value=
ac_cv_env_CFLAGS_set=
ac_cv_env_CFLAGS_value=
ac_cv_env_CPPFLAGS_set=
ac_cv_env_CPPFLAGS_value=
ac_cv_env_CPP_set=
ac_cv_env_CPP_value=
ac_cv_env_LDFLAGS_set=
ac_cv_env_LDFLAGS_value=
ac_cv_env_LIBS_set=
ac_cv_env_LIBS_value=
ac_cv_env_build_alias_set=
ac_cv_env_build_alias_value=
ac_cv_env_host_alias_set=
ac_cv_env_host_alias_value=
ac_cv_env_target_alias_set=
ac_cv_env_target_alias_value=
ac_cv_header_dlfcn_h=yes
ac_cv_header_inttypes_h=yes
ac_cv_header_memory_h=yes
ac_cv_header_stdc=yes
ac_cv_header_stdint_h=yes
ac_cv_header_stdlib_h=yes
ac_cv_header_string_h=yes
ac_cv_header_strings_h=yes
ac_cv_header_sys_stat_h=yes
ac_cv_header_sys_types_h=yes
ac_cv_header_unistd_h=yes
ac_cv_host=x86_64-unknown-linux-gnu
ac_cv_lib_mdbm___mdbm_open=yes
ac_cv_objext=o
ac_cv_path_EGREP='/bin//grep -E'
ac_cv_path_GREP=/bin//grep
ac_cv_prog_AWK=gawk
ac_cv_prog_CPP='cc -E'
ac_cv_prog_ac_ct_AR=ar
ac_cv_prog_ac_ct_CC=cc
ac_cv_prog_ac_ct_RANLIB=ranlib
ac_cv_prog_ac_ct_STRIP=strip
ac_cv_prog_cc_c89=
ac_cv_prog_cc_cc_c_o=yes
ac_cv_prog_cc_g=yes
ac_cv_target=x86_64-unknown-linux-gnu
lt_cv_deplibs_check_method=pass_all
lt_cv_file_magic_cmd='$MAGIC_CMD'
lt_cv_file_magic_test_file=
lt_cv_ld_reload_flag=-r
lt_cv_objdir=.libs
lt_cv_path_LD=/bin//ld
lt_cv_path_NM='/bin//nm -B'
lt_cv_path_SED=/bin//sed
lt_cv_prog_compiler_c_o=yes
lt_cv_prog_compiler_pic_works=yes
lt_cv_prog_compiler_rtti_exceptions=no
lt_cv_prog_compiler_static_works=no
lt_cv_prog_gnu_ld=yes
lt_cv_sys_global_symbol_pipe='sed -n -e '\''s/^.*[ 	]\([ABCDGIRSTW][ABCDGIRSTW]*\)[ 	][ 	]*\([_A-Za-z][_A-Za-z0-9]*\)$/\1 \2 \2/p'\'''
lt_cv_sys_global_symbol_to_c_name_address='sed -n -e '\''s/^: \([^ ]*\) $/  {\"\1\", (lt_ptr) 0},/p'\'' -e '\''s/^[BCDEGRST] \([^ ]*\) \([^ ]*\)$/  {"\2", (lt_ptr) \&\2},/p'\'''
lt_cv_sys_global_symbol_to_cdecl='sed -n -e '\''s/^. .* \(.*\)$/extern int \1;/p'\'''
lt_cv_sys_lib_dlsearch_path_spec='/lib /usr/lib /var/lib/VBoxGuestAdditions/lib /usr/lib64/atlas /usr/lib64/dyninst /usr/lib64/iscsi /usr/lib64/llvm /usr/lib64/mysql /usr/lib64/qt-3.3/lib /usr/local/mdbm/lib64/ '
lt_cv_sys_lib_search_path_spec='/usr/lib/gcc/x86_64-redhat-linux/4.8.5 /usr/lib64 /lib64'
lt_cv_sys_max_cmd_len=1572864
lt_lt_cv_prog_compiler_c_o='"yes"'
lt_lt_cv_sys_global_symbol_pipe='"sed -n -e '\''s/^.*[ 	]\\([ABCDGIRSTW][ABCDGIRSTW]*\\)[ 	][ 	]*\\([_A-Za-z][_A-Za-z0-9]*\\)\$/\\1 \\2 \\2/p'\''"'
lt_lt_cv_sys_global_symbol_to_c_name_address='"sed -n -e '\''s/^: \\([^ ]*\\) \$/  {\\\"\\1\\\", (lt_ptr) 0},/p'\'' -e '\''s/^[BCDEGRST] \\([^ ]*\\) \\([^ ]*\\)\$/  {\"\\2\", (lt_ptr) \\&\\2},/p'\''"'
lt_lt_cv_sys_global_symbol_to_cdecl='"sed -n -e '\''s/^. .* \\(.*\\)\$/extern int \\1;/p'\''"'
php_cv_cc_dashr=no
php_cv_cc_rpath=yes

## ----------------- ##
## Output variables. ##
## ----------------- ##

AR='ar'
AWK='gawk'
CC='cc'
CFLAGS='-g  -O0'
CONFIGURE_COMMAND=' '\''./configure'\''  '\''--with-php-config=/app/php5/bin/php-config'\'' '\''--with-mdbm=/usr/local/mdbm/'\'''
CONFIGURE_OPTIONS=' '\''--with-php-config=/app/php5/bin/php-config'\'' '\''--with-mdbm=/usr/local/mdbm/'\'''
CPP='cc -E'
CPPFLAGS=' -DHAVE_CONFIG_H'
DEFS='-DHAVE_CONFIG_H'
DSYMUTIL=''
ECHO='echo'
ECHO_C=''
ECHO_N='-n'
ECHO_T=''
EGREP='/bin//grep -E'
EXEEXT=''
GREP='/bin//grep'
LDFLAGS=''
LIBOBJS=''
LIBS=''
LIBTOOL='$(SHELL) $(top_builddir)/libtool'
LN_S='ln -s'
LTLIBOBJS=''
NMEDIT=''
OBJEXT='o'
PACKAGE_BUGREPORT=''
PACKAGE_NAME=''
PACKAGE_STRING=''
PACKAGE_TARNAME=''
PACKAGE_URL=''
PACKAGE_VERSION=''
PATH_SEPARATOR=':'
RANLIB='ranlib'
RE2C='exit 0;'
SED='/bin//sed'
SHELL='/bin/sh'
SHLIB_DL_SUFFIX_NAME='so'
SHLIB_SUFFIX_NAME='so'
STRIP='strip'
ac_ct_CC='cc'
bindir='${exec_prefix}/bin'
build='x86_64-unknown-linux-gnu'
build_alias=''
build_cpu='x86_64'
build_os='linux-gnu'
build_vendor='unknown'
datadir='${datarootdir}'
datarootdir='${prefix}/share'
docdir='${datarootdir}/doc/${PACKAGE}'
dvidir='${docdir}'
exec_prefix='$(prefix)'
host='x86_64-unknown-linux-gnu'
host_alias='x86_64-unknown-linux-gnu'
host_cpu='x86_64'
host_os='linux-gnu'
host_vendor='unknown'
htmldir='${docdir}'
includedir='${prefix}/include'
infodir='${datarootdir}/info'
libdir='${exec_prefix}/lib'
libexecdir='${exec_prefix}/libexec'
localedir='${datarootdir}/locale'
localstatedir='${prefix}/var'
mandir='${datarootdir}/man'
oldincludedir='/usr/include'
pdfdir='${docdir}'
prefix='/app/php5'
program_transform_name='s,x,x,'
psdir='${docdir}'
sbindir='${exec_prefix}/sbin'
sharedstatedir='${prefix}/com'
sysconfdir='${prefix}/etc'
target='x86_64-unknown-linux-gnu'
target_alias=''
target_cpu='x86_64'
target_os='linux-gnu'
target_vendor='unknown'

## ----------- ##
## confdefs.h. ##
## ----------- ##

/* confdefs.h */
#define PACKAGE_NAME ""
#define PACKAGE_TARNAME ""
#define PACKAGE_VERSION ""
#define PACKAGE_STRING ""
#define PACKAGE_BUGREPORT ""
#define PACKAGE_URL ""
#define HAVE_MDBMLIB 1
#define COMPILE_DL_MDBM 1
#define STDC_HEADERS 1
#define HAVE_SYS_TYPES_H 1
#define HAVE_SYS_STAT_H 1
#define HAVE_STDLIB_H 1
#define HAVE_STRING_H 1
#define HAVE_MEMORY_H 1
#define HAVE_STRINGS_H 1
#define HAVE_INTTYPES_H 1
#define HAVE_STDINT_H 1
#define HAVE_UNISTD_H 1
#define HAVE_DLFCN_H 1

configure: exit 0
